app/build/intermediates/manifest_merge_blame_file/debug/manifest-merger-blame-debug-report.txt
1<?xml version="1.0" encoding="utf-8"?>
2<manifest xmlns:android="http://schemas.android.com/apk/res/android"
3    package="com.example.quotely"
4    android:versionCode="1"
5    android:versionName="1.0" >
6
7    <uses-sdk
8        android:minSdkVersion="23"
8-->src\main\AndroidManifest.xml
9        android:targetSdkVersion="31" />
9-->src\main\AndroidManifest.xml
10
11    <uses-permission android:name="android.permission.INTERNET" />
11-->src\main\AndroidManifest.xml:5:5-67
11-->src\main\AndroidManifest.xml:5:22-64
12    <uses-permission android:name="android.permission.WRITE_EXTERNAL_STORAGE" />
13    <uses-permission android:name="android.permission.READ_PHONE_STATE" />
14    <uses-permission android:name="android.permission.READ_EXTERNAL_STORAGE" />
15
16    <application
16-->src\main\AndroidManifest.xml:7:5-27:19
17        android:allowBackup="true"
17-->src\main\AndroidManifest.xml:8:9-35
18        android:appComponentFactory="androidx.core.app.CoreComponentFactory"
18-->[androidx.core:core:1.3.1] AndroidManifest.xml:24:18-86
19        android:debuggable="true"
20        android:extractNativeLibs="false"
21        android:icon="@mipmap/ic_launcher"
21-->src\main\AndroidManifest.xml:9:9-43
22        android:label="@string/app_name"
22-->src\main\AndroidManifest.xml:10:9-41
23        android:roundIcon="@mipmap/ic_launcher_round"
23-->src\main\AndroidManifest.xml:11:9-54
24        android:supportsRtl="true"
24-->src\main\AndroidManifest.xml:12:9-35
25        android:testOnly="true"
26        android:theme="@style/Theme.Quotely" >
26-->src\main\AndroidManifest.xml:13:9-45
27        <activity
27-->src\main\AndroidManifest.xml:14:9-22:20
28            android:name="com.example.quotely.activities.Splash"
28-->src\main\AndroidManifest.xml:14:19-52
29            android:exported="true"
29-->src\main\AndroidManifest.xml:15:13-36
30            android:theme="@style/SplashTheme" >
30-->src\main\AndroidManifest.xml:16:13-47
31            <intent-filter>
31-->src\main\AndroidManifest.xml:17:13-21:29
32                <action android:name="android.intent.action.MAIN" />
32-->src\main\AndroidManifest.xml:18:17-69
32-->src\main\AndroidManifest.xml:18:25-66
33
34                <category android:name="android.intent.category.LAUNCHER" />
34-->src\main\AndroidManifest.xml:20:17-77
34-->src\main\AndroidManifest.xml:20:27-74
35            </intent-filter>
36        </activity>
37        <activity
37-->src\main\AndroidManifest.xml:23:9-26:20
38            android:name="com.example.quotely.activities.MainActivity"
38-->src\main\AndroidManifest.xml:24:13-52
39            android:exported="false" >
39-->src\main\AndroidManifest.xml:25:13-37
40        </activity>
41
42        <service
42-->[androidx.room:room-runtime:2.4.0] AndroidManifest.xml:25:9-28:40
43            android:name="androidx.room.MultiInstanceInvalidationService"
43-->[androidx.room:room-runtime:2.4.0] AndroidManifest.xml:26:13-74
44            android:directBootAware="true"
44-->[androidx.room:room-runtime:2.4.0] AndroidManifest.xml:27:13-43
45            android:exported="false" />
45-->[androidx.room:room-runtime:2.4.0] AndroidManifest.xml:28:13-37
46    </application>
47
48</manifest>